<?xml version="1.0" encoding="UTF-8"?>
<!-- Generated by org.testng.reporters.JUnitReportReporter -->
<testsuite hostname="DESKTOP-U0SDR4O" failures="0" tests="2" name="test.Automation_22may.firsttestngscript" time="0.016" errors="0" timestamp="2024-06-03T09:26:45 IST" skipped="0">
  <testcase classname="test.Automation_22may.firsttestngscript" name="first" time="0.014"/>
  <system-out/>
  <testcase classname="test.Automation_22may.firsttestngscript" name="second" time="0.002"/>
  <system-out/>
</testsuite> <!-- test.Automation_22may.firsttestngscript -->
