<?xml version="1.0" encoding="UTF-8"?>
<!-- Generated by org.testng.reporters.JUnitReportReporter -->
<testsuite hostname="DESKTOP-U0SDR4O" failures="0" tests="1" name="test.Automation_22may.ohrmtest" time="2.242" errors="0" timestamp="2024-06-04T09:34:25 IST" skipped="0">
  <testcase classname="test.Automation_22may.ohrmtest" name="ohrmlogout" time="2.242"/>
  <system-out/>
</testsuite> <!-- test.Automation_22may.ohrmtest -->
