<?xml version="1.0" encoding="UTF-8"?>
<!-- Generated by org.testng.reporters.JUnitReportReporter -->
<testsuite hostname="DESKTOP-U0SDR4O" failures="0" tests="1" name="test.Automation_22may.assert_annotation" time="3.480" errors="0" timestamp="2024-06-07T09:37:37 IST" skipped="0">
  <testcase classname="test.Automation_22may.assert_annotation" name="Assert_title" time="3.480"/>
  <system-out/>
</testsuite> <!-- test.Automation_22may.assert_annotation -->
