<?xml version="1.0" encoding="UTF-8"?>
<!-- Generated by org.testng.reporters.JUnitReportReporter -->
<testsuite hostname="DESKTOP-U0SDR4O" failures="0" tests="1" name="test.Automation_22may.parametersintestng" time="0.015" errors="0" timestamp="2024-06-05T09:14:08 IST" skipped="0">
  <testcase classname="test.Automation_22may.parametersintestng" name="para" time="0.015"/>
  <system-out/>
</testsuite> <!-- test.Automation_22may.parametersintestng -->
