<?xml version="1.0" encoding="UTF-8"?>
<!-- Generated by org.testng.reporters.JUnitReportReporter -->
<testsuite hostname="DESKTOP-U0SDR4O" failures="0" tests="2" name="test.Automation_22may.priorityintestng" time="0.008" errors="0" timestamp="2024-06-04T09:34:25 IST" skipped="0">
  <testcase classname="test.Automation_22may.priorityintestng" name="simple" time="0.006"/>
  <system-out/>
  <testcase classname="test.Automation_22may.priorityintestng" name="sample" time="0.002"/>
  <system-out/>
</testsuite> <!-- test.Automation_22may.priorityintestng -->
