<?xml version="1.0" encoding="UTF-8"?>
<!-- Generated by org.testng.reporters.JUnitReportReporter -->
<testsuite hostname="DESKTOP-U0SDR4O" failures="0" tests="6" name="dataproviderdemo" time="20.768" errors="0" timestamp="2024-06-15T18:18:06 IST" skipped="0">
  <testcase classname="dataproviderdemo" name="sample" time="3.150"/>
  <system-out/>
  <testcase classname="dataproviderdemo" name="sample" time="3.177"/>
  <system-out/>
  <testcase classname="dataproviderdemo" name="sample" time="3.319"/>
  <system-out/>
  <testcase classname="dataproviderdemo" name="sample" time="4.560"/>
  <system-out/>
  <testcase classname="dataproviderdemo" name="sample" time="3.335"/>
  <system-out/>
  <testcase classname="dataproviderdemo" name="sample" time="3.227"/>
  <system-out/>
</testsuite> <!-- dataproviderdemo -->
