<?xml version="1.0" encoding="UTF-8"?>
<!-- Generated by org.testng.reporters.JUnitReportReporter -->
<testsuite hostname="DESKTOP-U0SDR4O" failures="0" tests="2" name="test.Automation_22may.Paralleldemo" time="0.030" errors="0" timestamp="2024-06-29T14:38:31 IST" skipped="0">
  <testcase classname="test.Automation_22may.Paralleldemo" name="test2" time="0.006"/>
  <system-out/>
  <testcase classname="test.Automation_22may.Paralleldemo" name="test1" time="0.024"/>
  <system-out/>
</testsuite> <!-- test.Automation_22may.Paralleldemo -->
